[+] Containers:
 |- [+] Container: /Game/ThirdPerson/Maps/ThirdPersonMap
 |   |- [+] ActorDescs:
 |   |   |- Guid:02BC89AF458851E98DA2A5B188E7333F BaseClass: NativeClass:/Script/Engine.StaticMeshActor Name:StaticMeshActor_UAID_80C5F2DA27D00CF401_1878574971 Label:Shape_Cube32 SpatiallyLoaded:1 Bounds:IsValid=true, Min=(X=20.000 Y=2602.500 Z=78262.500), Max=(X=2170.000 Y=2877.500 Z=90737.500) RuntimeGrid:None EditorOnly:0 RuntimeOnly:0 HLODRelevant:1 ListedInSceneOutliner:1 IsMainWorldOnly:0
 |   |   |- Guid:03500C6849D2E346AE64AF9F4065FCA6 BaseClass: NativeClass:/Script/Engine.StaticMeshActor Name:StaticMeshActor_UAID_80C5F2DA27D00CF401_1765196955 Label:Shape_Cube16 SpatiallyLoaded:1 Bounds:IsValid=true, Min=(X=100.000 Y=502.500 Z=43012.500), Max=(X=2250.000 Y=777.500 Z=55487.500) RuntimeGrid:None EditorOnly:0 RuntimeOnly:0 HLODRelevant:1 ListedInSceneOutliner:1 IsMainWorldOnly:0
 |   |   |- Guid:09C4CFA94A0CB5B0E4FCB6AC49ED8827 BaseClass: NativeClass:/Script/Engine.StaticMeshActor Name:StaticMeshActor_UAID_80C5F2DA27D00CF401_1878564968 Label:Shape_Cube29 SpatiallyLoaded:1 Bounds:IsValid=true, Min=(X=100.000 Y=502.500 Z=78262.500), Max=(X=2250.000 Y=777.500 Z=90737.500) RuntimeGrid:None EditorOnly:0 RuntimeOnly:0 HLODRelevant:1 ListedInSceneOutliner:1 IsMainWorldOnly:0
 |   |   |- Guid:2ED025A549C11758DA61E9ABA5774D9A BaseClass: NativeClass:/Script/Engine.StaticMeshActor Name:StaticMeshActor_UAID_80C5F2DA27D00CF401_1878545963 Label:Shape_Cube24 SpatiallyLoaded:1 Bounds:IsValid=true, Min=(X=-0.000 Y=2582.500 Z=51782.500), Max=(X=2150.000 Y=2857.500 Z=64257.500) RuntimeGrid:None EditorOnly:0 RuntimeOnly:0 HLODRelevant:1 ListedInSceneOutliner:1 IsMainWorldOnly:0
 |   |   |- Guid:2FB58999456391D349DC0F86DAC136ED BaseClass: NativeClass:/Script/Engine.SkyLight Name:SkyLight_1 Label:SkyLight SpatiallyLoaded:0 Bounds:IsValid=true, Min=(X=0.000 Y=0.000 Z=690.000), Max=(X=0.000 Y=0.000 Z=690.000) RuntimeGrid:None EditorOnly:0 RuntimeOnly:0 HLODRelevant:0 ListedInSceneOutliner:1 IsMainWorldOnly:0 FolderPath:Lighting FolderGuid:963EC3EB4002CCE9759E2EBA541A873A
 |   |   |- Guid:316CF2A6494ACA4C0E4180A87D36AB8F BaseClass: NativeClass:/Script/Engine.ExponentialHeightFog Name:ExponentialHeightFog_0 Label:ExponentialHeightFog SpatiallyLoaded:0 Bounds:IsValid=true, Min=(X=-5600.000 Y=-50.000 Z=-6850.000), Max=(X=-5600.000 Y=-50.000 Z=-6850.000) RuntimeGrid:None EditorOnly:0 RuntimeOnly:0 HLODRelevant:0 ListedInSceneOutliner:1 IsMainWorldOnly:0 FolderPath:Lighting FolderGuid:963EC3EB4002CCE9759E2EBA541A873A
 |   |   |- Guid:3978F5F944948B5D11E15D8D3552B763 BaseClass: NativeClass:/Script/Engine.StaticMeshActor Name:StaticMeshActor_UAID_80C5F2DA27D00CF401_1090684946 Label:Shape_Cube7 SpatiallyLoaded:1 Bounds:IsValid=true, Min=(X=-10.000 Y=2572.500 Z=1582.500), Max=(X=2140.000 Y=2847.500 Z=14057.500) RuntimeGrid:None EditorOnly:0 RuntimeOnly:0 HLODRelevant:1 ListedInSceneOutliner:1 IsMainWorldOnly:0
 |   |   |- Guid:3A00AA1C422CE54C0BDB60BAF471BFBB BaseClass: NativeClass:/Script/Engine.PlayerStart Name:PlayerStart_0 Label:PlayerStart SpatiallyLoaded:0 Bounds:IsValid=true, Min=(X=808.000 Y=1070.000 Z=52.013), Max=(X=992.000 Y=1150.000 Z=132.013) RuntimeGrid:None EditorOnly:0 RuntimeOnly:0 HLODRelevant:0 ListedInSceneOutliner:1 IsMainWorldOnly:0
 |   |   |- Guid:4426CF5B4528487C39F5058FFB75B9C6 BaseClass: NativeClass:/Script/Engine.StaticMeshActor Name:StaticMeshActor_UAID_80C5F2DA27D00CF401_1765204957 Label:Shape_Cube18 SpatiallyLoaded:1 Bounds:IsValid=true, Min=(X=1992.500 Y=660.000 Z=43012.500), Max=(X=2267.500 Y=2810.000 Z=55487.500) RuntimeGrid:None EditorOnly:0 RuntimeOnly:0 HLODRelevant:1 ListedInSceneOutliner:1 IsMainWorldOnly:0
 |   |   |- Guid:48D8FDE24FDC05F73077EFBACCD89301 BaseClass: NativeClass:/Script/Engine.StaticMeshActor Name:StaticMeshActor_UAID_80C5F2DA27D00CF401_1878580973 Label:Shape_Cube34 SpatiallyLoaded:1 Bounds:IsValid=true, Min=(X=-17.500 Y=660.000 Z=93212.500), Max=(X=257.500 Y=2810.000 Z=105687.500) RuntimeGrid:None EditorOnly:0 RuntimeOnly:0 HLODRelevant:1 ListedInSceneOutliner:1 IsMainWorldOnly:0
 |   |   |- Guid:559D021441105054A7FCA79D3C14338B BaseClass: NativeClass:/Script/Engine.StaticMeshActor Name:StaticMeshActor_UAID_80C5F2DA27D00CF401_1878561967 Label:Shape_Cube28 SpatiallyLoaded:1 Bounds:IsValid=true, Min=(X=10.000 Y=2592.500 Z=64752.500), Max=(X=2160.000 Y=2867.500 Z=77227.500) RuntimeGrid:None EditorOnly:0 RuntimeOnly:0 HLODRelevant:1 ListedInSceneOutliner:1 IsMainWorldOnly:0
 |   |   |- Guid:55B62A5F4F537AF92FCC5198E063F53E BaseClass: NativeClass:/Script/Engine.StaticMeshActor Name:StaticMeshActor_UAID_80C5F2DA27D00CF401_1725307949 Label:Shape_Cube10 SpatiallyLoaded:1 Bounds:IsValid=true, Min=(X=1972.500 Y=640.000 Z=14552.500), Max=(X=2247.500 Y=2790.000 Z=27027.500) RuntimeGrid:None EditorOnly:0 RuntimeOnly:0 HLODRelevant:1 ListedInSceneOutliner:1 IsMainWorldOnly:0
 |   |   |- Guid:56525A87431BD20839EA41841BACAB90 BaseClass: NativeClass:/Script/Engine.StaticMeshActor Name:StaticMeshActor_UAID_80C5F2DA27D00CF401_1725311950 Label:Shape_Cube11 SpatiallyLoaded:1 Bounds:IsValid=true, Min=(X=-0.000 Y=2582.500 Z=14552.500), Max=(X=2150.000 Y=2857.500 Z=27027.500) RuntimeGrid:None EditorOnly:0 RuntimeOnly:0 HLODRelevant:1 ListedInSceneOutliner:1 IsMainWorldOnly:0
 |   |   |- Guid:5B4C033E4CF4A4B31B5AB28BDC2A6DCC BaseClass: NativeClass:/Script/Engine.StaticMeshActor Name:StaticMeshActor_UAID_80C5F2DA27D00CF401_1878536961 Label:Shape_Cube22 SpatiallyLoaded:1 Bounds:IsValid=true, Min=(X=-47.500 Y=630.000 Z=51782.500), Max=(X=227.500 Y=2780.000 Z=64257.500) RuntimeGrid:None EditorOnly:0 RuntimeOnly:0 HLODRelevant:1 ListedInSceneOutliner:1 IsMainWorldOnly:0
 |   |   |- Guid:60C5F217452C49BE4F273696504E2CD7 BaseClass: NativeClass:/Script/Engine.StaticMeshActor Name:StaticMeshActor_UAID_80C5F2DA27D00CF401_1765210958 Label:Shape_Cube19 SpatiallyLoaded:1 Bounds:IsValid=true, Min=(X=20.000 Y=2602.500 Z=43012.500), Max=(X=2170.000 Y=2877.500 Z=55487.500) RuntimeGrid:None EditorOnly:0 RuntimeOnly:0 HLODRelevant:1 ListedInSceneOutliner:1 IsMainWorldOnly:0
 |   |   |- Guid:64FDE1B74EE372BDCB0177830F5E0F1B BaseClass: NativeClass:/Script/Engine.StaticMeshActor Name:StaticMeshActor_UAID_80C5F2DA27D00CF401_1878554965 Label:Shape_Cube26 SpatiallyLoaded:1 Bounds:IsValid=true, Min=(X=-37.500 Y=640.000 Z=64752.500), Max=(X=237.500 Y=2790.000 Z=77227.500) RuntimeGrid:None EditorOnly:0 RuntimeOnly:0 HLODRelevant:1 ListedInSceneOutliner:1 IsMainWorldOnly:0
 |   |   |- Guid:6BAF4DDD444C60371492D3919DB42C97 BaseClass: NativeClass:/Script/Engine.WorldDataLayers Name:WorldDataLayers Label:WorldDataLayers SpatiallyLoaded:0 Bounds:IsValid=true, Min=(X=0.000 Y=0.000 Z=0.000), Max=(X=0.000 Y=0.000 Z=0.000) RuntimeGrid:None EditorOnly:0 RuntimeOnly:0 HLODRelevant:0 ListedInSceneOutliner:1 IsMainWorldOnly:1
 |   |   |- Guid:6E6CEEF141DBCA48D0C3DC9EB61BEFA5 BaseClass: NativeClass:/Script/Engine.StaticMeshActor Name:StaticMeshActor_UAID_80C5F2DA27D00CF401_1878567969 Label:Shape_Cube30 SpatiallyLoaded:1 Bounds:IsValid=true, Min=(X=-27.500 Y=650.000 Z=78262.500), Max=(X=247.500 Y=2800.000 Z=90737.500) RuntimeGrid:None EditorOnly:0 RuntimeOnly:0 HLODRelevant:1 ListedInSceneOutliner:1 IsMainWorldOnly:0
 |   |   |- Guid:7977C646499841E470130F97028E967B BaseClass: NativeClass:/Script/Engine.StaticMeshActor Name:StaticMeshActor_UAID_80C5F2DA27D00CF401_1748509954 Label:Shape_Cube15 SpatiallyLoaded:1 Bounds:IsValid=true, Min=(X=10.000 Y=2592.500 Z=28062.500), Max=(X=2160.000 Y=2867.500 Z=40537.500) RuntimeGrid:None EditorOnly:0 RuntimeOnly:0 HLODRelevant:1 ListedInSceneOutliner:1 IsMainWorldOnly:0
 |   |   |- Guid:84D09B344CF0DBA720B8D8ACB657AA32 BaseClass: NativeClass:/Script/Engine.StaticMeshActor Name:StaticMeshActor_UAID_80C5F2DA27D00CF401_1878577972 Label:Shape_Cube33 SpatiallyLoaded:1 Bounds:IsValid=true, Min=(X=110.000 Y=512.500 Z=93212.500), Max=(X=2260.000 Y=787.500 Z=105687.500) RuntimeGrid:None EditorOnly:0 RuntimeOnly:0 HLODRelevant:1 ListedInSceneOutliner:1 IsMainWorldOnly:0
 |   |   |- Guid:85B7BD59476C46CBA7D3D1A33072087D BaseClass: NativeClass:/Script/Engine.StaticMeshActor Name:StaticMeshActor_UAID_80C5F2DA27D00CF401_1878586975 Label:Shape_Cube36 SpatiallyLoaded:1 Bounds:IsValid=true, Min=(X=30.000 Y=2612.500 Z=93212.500), Max=(X=2180.000 Y=2887.500 Z=105687.500) RuntimeGrid:None EditorOnly:0 RuntimeOnly:0 HLODRelevant:1 ListedInSceneOutliner:1 IsMainWorldOnly:0
 |   |   |- Guid:9A6C901C4684D12957A185B4A9F67247 BaseClass: NativeClass:/Script/Engine.StaticMeshActor Name:StaticMeshActor_UAID_80C5F2DA27D00CF401_1878527959 Label:Shape_Cube20 SpatiallyLoaded:1 Bounds:IsValid=true, Min=(X=70.000 Y=472.500 Z=51782.500), Max=(X=2220.000 Y=747.500 Z=64257.500) RuntimeGrid:None EditorOnly:0 RuntimeOnly:0 HLODRelevant:1 ListedInSceneOutliner:1 IsMainWorldOnly:0
 |   |   |- Guid:A095290D493DA44EAFC1AF881595B8E0 BaseClass: NativeClass:/Script/Engine.StaticMeshActor Name:StaticMeshActor_UAID_80C5F2DA27D00CF401_1725295947 Label:Shape_Cube8 SpatiallyLoaded:1 Bounds:IsValid=true, Min=(X=80.000 Y=482.500 Z=14552.500), Max=(X=2230.000 Y=757.500 Z=27027.500) RuntimeGrid:None EditorOnly:0 RuntimeOnly:0 HLODRelevant:1 ListedInSceneOutliner:1 IsMainWorldOnly:0
 |   |   |- Guid:A91F3FE34D743B6585283880AA2D59CD BaseClass: NativeClass:/Script/Engine.StaticMeshActor Name:StaticMeshActor_UAID_80C5F2DA27D00CF401_1748505953 Label:Shape_Cube14 SpatiallyLoaded:1 Bounds:IsValid=true, Min=(X=1982.500 Y=650.000 Z=28062.500), Max=(X=2257.500 Y=2800.000 Z=40537.500) RuntimeGrid:None EditorOnly:0 RuntimeOnly:0 HLODRelevant:1 ListedInSceneOutliner:1 IsMainWorldOnly:0
 |   |   |- Guid:ACC9366C427877299CF6B8BEAD26C465 BaseClass: NativeClass:/Script/Engine.StaticMeshActor Name:StaticMeshActor_UAID_80C5F2DA27D00CF401_1079968945 Label:Shape_Cube6 SpatiallyLoaded:1 Bounds:IsValid=true, Min=(X=1962.500 Y=630.000 Z=1582.500), Max=(X=2237.500 Y=2780.000 Z=14057.500) RuntimeGrid:None EditorOnly:0 RuntimeOnly:0 HLODRelevant:1 ListedInSceneOutliner:1 IsMainWorldOnly:0
 |   |   |- Guid:B0F5049541971D0A853B799D0E425BF9 BaseClass: NativeClass:/Script/Engine.StaticMeshActor Name:StaticMeshActor_UAID_80C5F2DA27D00CF401_1878541962 Label:Shape_Cube23 SpatiallyLoaded:1 Bounds:IsValid=true, Min=(X=1972.500 Y=640.000 Z=51782.500), Max=(X=2247.500 Y=2790.000 Z=64257.500) RuntimeGrid:None EditorOnly:0 RuntimeOnly:0 HLODRelevant:1 ListedInSceneOutliner:1 IsMainWorldOnly:0
 |   |   |- Guid:B785ED2844B84CFB91E7F39FE661CD99 BaseClass: NativeClass:/Script/Engine.DirectionalLight Name:DirectionalLight_0 Label:DirectionalLight SpatiallyLoaded:0 Bounds:IsValid=true, Min=(X=-1048576.000 Y=-1048576.000 Z=-1048576.000), Max=(X=1048576.000 Y=1048576.000 Z=1048576.000) RuntimeGrid:None EditorOnly:0 RuntimeOnly:0 HLODRelevant:0 ListedInSceneOutliner:1 IsMainWorldOnly:0 FolderPath:Lighting FolderGuid:963EC3EB4002CCE9759E2EBA541A873A
 |   |   |- Guid:C52DC88741393FBA6DC9538263BC035F BaseClass: NativeClass:/Script/Engine.StaticMeshActor Name:StaticMeshActor_UAID_80C5F2DA27D00CF401_1878583974 Label:Shape_Cube35 SpatiallyLoaded:1 Bounds:IsValid=true, Min=(X=2002.500 Y=670.000 Z=93212.500), Max=(X=2277.500 Y=2820.000 Z=105687.500) RuntimeGrid:None EditorOnly:0 RuntimeOnly:0 HLODRelevant:1 ListedInSceneOutliner:1 IsMainWorldOnly:0
 |   |   |- Guid:CA545C7F4033C624DC6332B46678C428 BaseClass: NativeClass:/Script/Engine.StaticMeshActor Name:StaticMeshActor_UAID_80C5F2DA27D00CF401_1878533960 Label:Shape_Cube21 SpatiallyLoaded:1 Bounds:IsValid=true, Min=(X=80.000 Y=482.500 Z=51782.500), Max=(X=2230.000 Y=757.500 Z=64257.500) RuntimeGrid:None EditorOnly:0 RuntimeOnly:0 HLODRelevant:1 ListedInSceneOutliner:1 IsMainWorldOnly:0
 |   |   |- Guid:CBCB0A2945B998320F552DA34381E10C BaseClass: NativeClass:/Script/Engine.StaticMeshActor Name:StaticMeshActor_UAID_80C5F2DA27D00CF401_1878571970 Label:Shape_Cube31 SpatiallyLoaded:1 Bounds:IsValid=true, Min=(X=1992.500 Y=660.000 Z=78262.500), Max=(X=2267.500 Y=2810.000 Z=90737.500) RuntimeGrid:None EditorOnly:0 RuntimeOnly:0 HLODRelevant:1 ListedInSceneOutliner:1 IsMainWorldOnly:0
 |   |   |- Guid:CCFF262C46EEFFDF319E7F9539CE697E BaseClass: NativeClass:/Script/Engine.SkyAtmosphere Name:SkyAtmosphere_0 Label:SkyAtmosphere SpatiallyLoaded:0 Bounds:IsValid=true, Min=(X=0.000 Y=0.000 Z=1020.000), Max=(X=0.000 Y=0.000 Z=1020.000) RuntimeGrid:None EditorOnly:0 RuntimeOnly:0 HLODRelevant:0 ListedInSceneOutliner:1 IsMainWorldOnly:0 FolderPath:Lighting FolderGuid:963EC3EB4002CCE9759E2EBA541A873A
 |   |   |- Guid:D1D6A55449F435D89406648AF200AAC0 BaseClass: NativeClass:/Script/Engine.StaticMeshActor Name:StaticMeshActor_UAID_80C5F2DA27D00CF401_1878558966 Label:Shape_Cube27 SpatiallyLoaded:1 Bounds:IsValid=true, Min=(X=1982.500 Y=650.000 Z=64752.500), Max=(X=2257.500 Y=2800.000 Z=77227.500) RuntimeGrid:None EditorOnly:0 RuntimeOnly:0 HLODRelevant:1 ListedInSceneOutliner:1 IsMainWorldOnly:0
 |   |   |- Guid:D70A0C34468B9FB6973CCC9F760BA96D BaseClass: NativeClass:/Script/Engine.StaticMeshActor Name:StaticMeshActor_UAID_80C5F2DA27D00BF401_2144836768 Label:Shape_Cube5 SpatiallyLoaded:1 Bounds:IsValid=true, Min=(X=-57.500 Y=620.000 Z=1582.500), Max=(X=217.500 Y=2770.000 Z=14057.500) RuntimeGrid:None EditorOnly:0 RuntimeOnly:0 HLODRelevant:1 ListedInSceneOutliner:1 IsMainWorldOnly:0
 |   |   |- Guid:D86BE0DD449CFB93B664FB90EF31296A BaseClass: NativeClass:/Script/Engine.StaticMeshActor Name:StaticMeshActor_UAID_80C5F2DA27D00CF401_1748502952 Label:Shape_Cube13 SpatiallyLoaded:1 Bounds:IsValid=true, Min=(X=-37.500 Y=640.000 Z=28062.500), Max=(X=237.500 Y=2790.000 Z=40537.500) RuntimeGrid:None EditorOnly:0 RuntimeOnly:0 HLODRelevant:1 ListedInSceneOutliner:1 IsMainWorldOnly:0
 |   |   |- Guid:D899A5E14D39B3AD3C22ACB23396C7F4 BaseClass: NativeClass:/Script/Engine.StaticMeshActor Name:StaticMeshActor_UAID_80C5F2DA27D00CF401_1725303948 Label:Shape_Cube9 SpatiallyLoaded:1 Bounds:IsValid=true, Min=(X=-47.500 Y=630.000 Z=14552.500), Max=(X=227.500 Y=2780.000 Z=27027.500) RuntimeGrid:None EditorOnly:0 RuntimeOnly:0 HLODRelevant:1 ListedInSceneOutliner:1 IsMainWorldOnly:0
 |   |   |- Guid:DE400B8C4C308D5660F2A3A7338E2182 BaseClass: NativeClass:/Script/Engine.StaticMeshActor Name:StaticMeshActor_UAID_80C5F2DA27D007F401_1171760060 Label:Shape_Cube3 SpatiallyLoaded:1 Bounds:IsValid=true, Min=(X=60.000 Y=462.500 Z=1582.500), Max=(X=2210.000 Y=737.500 Z=14057.500) RuntimeGrid:None EditorOnly:0 RuntimeOnly:0 HLODRelevant:1 ListedInSceneOutliner:1 IsMainWorldOnly:0
 |   |   |- Guid:DF714113489275EA3C8F7786C18FE074 BaseClass: NativeClass:/Script/Engine.StaticMeshActor Name:StaticMeshActor_UAID_80C5F2DA27D00BF401_2141470767 Label:Shape_Cube4 SpatiallyLoaded:1 Bounds:IsValid=true, Min=(X=70.000 Y=472.500 Z=1582.500), Max=(X=2220.000 Y=747.500 Z=14057.500) RuntimeGrid:None EditorOnly:0 RuntimeOnly:0 HLODRelevant:1 ListedInSceneOutliner:1 IsMainWorldOnly:0
 |   |   |- Guid:E3FA6F584CD0603462068AB5090E108F BaseClass: NativeClass:/Script/Engine.StaticMeshActor Name:StaticMeshActor_UAID_80C5F2DA27D00CF401_1765201956 Label:Shape_Cube17 SpatiallyLoaded:1 Bounds:IsValid=true, Min=(X=-27.500 Y=650.000 Z=43012.500), Max=(X=247.500 Y=2800.000 Z=55487.500) RuntimeGrid:None EditorOnly:0 RuntimeOnly:0 HLODRelevant:1 ListedInSceneOutliner:1 IsMainWorldOnly:0
 |   |   |- Guid:EFDE68164F62024D845AAB9B5FC5898B BaseClass: NativeClass:/Script/Engine.StaticMeshActor Name:StaticMeshActor_UAID_80C5F2DA27D00CF401_1748497951 Label:Shape_Cube12 SpatiallyLoaded:1 Bounds:IsValid=true, Min=(X=90.000 Y=492.500 Z=28062.500), Max=(X=2240.000 Y=767.500 Z=40537.500) RuntimeGrid:None EditorOnly:0 RuntimeOnly:0 HLODRelevant:1 ListedInSceneOutliner:1 IsMainWorldOnly:0
 |   |   |- Guid:F523749C4A6914FC4552D8BB3FDBD744 BaseClass: NativeClass:/Script/Engine.StaticMeshActor Name:StaticMeshActor_UAID_80C5F2DA27D00CF401_1878549964 Label:Shape_Cube25 SpatiallyLoaded:1 Bounds:IsValid=true, Min=(X=90.000 Y=492.500 Z=64752.500), Max=(X=2240.000 Y=767.500 Z=77227.500) RuntimeGrid:None EditorOnly:0 RuntimeOnly:0 HLODRelevant:1 ListedInSceneOutliner:1 IsMainWorldOnly:0
 |   |   |- Guid:F5E3FEB3450C49844FD93DA8E083C8AD BaseClass: NativeClass:/Script/Engine.PostProcessVolume Name:PostProcessVolume_0 Label:PostProcessVolume SpatiallyLoaded:0 Bounds:IsValid=true, Min=(X=0.000 Y=0.000 Z=400.000), Max=(X=200.000 Y=200.000 Z=600.000) RuntimeGrid:None EditorOnly:0 RuntimeOnly:0 HLODRelevant:0 ListedInSceneOutliner:1 IsMainWorldOnly:0 FolderPath:Lighting FolderGuid:963EC3EB4002CCE9759E2EBA541A873A
 |   |- [+] Clusters:
 |   |   |- [+] [  0]
 |   |   |   |- Guid:02BC89AF458851E98DA2A5B188E7333F BaseClass: NativeClass:/Script/Engine.StaticMeshActor Name:StaticMeshActor_UAID_80C5F2DA27D00CF401_1878574971 Label:Shape_Cube32 SpatiallyLoaded:1 Bounds:IsValid=true, Min=(X=20.000 Y=2602.500 Z=78262.500), Max=(X=2170.000 Y=2877.500 Z=90737.500) RuntimeGrid:None EditorOnly:0 RuntimeOnly:0 HLODRelevant:1 ListedInSceneOutliner:1 IsMainWorldOnly:0
 |   |   |- [+] [  1]
 |   |   |   |- Guid:03500C6849D2E346AE64AF9F4065FCA6 BaseClass: NativeClass:/Script/Engine.StaticMeshActor Name:StaticMeshActor_UAID_80C5F2DA27D00CF401_1765196955 Label:Shape_Cube16 SpatiallyLoaded:1 Bounds:IsValid=true, Min=(X=100.000 Y=502.500 Z=43012.500), Max=(X=2250.000 Y=777.500 Z=55487.500) RuntimeGrid:None EditorOnly:0 RuntimeOnly:0 HLODRelevant:1 ListedInSceneOutliner:1 IsMainWorldOnly:0
 |   |   |- [+] [  2]
 |   |   |   |- Guid:09C4CFA94A0CB5B0E4FCB6AC49ED8827 BaseClass: NativeClass:/Script/Engine.StaticMeshActor Name:StaticMeshActor_UAID_80C5F2DA27D00CF401_1878564968 Label:Shape_Cube29 SpatiallyLoaded:1 Bounds:IsValid=true, Min=(X=100.000 Y=502.500 Z=78262.500), Max=(X=2250.000 Y=777.500 Z=90737.500) RuntimeGrid:None EditorOnly:0 RuntimeOnly:0 HLODRelevant:1 ListedInSceneOutliner:1 IsMainWorldOnly:0
 |   |   |- [+] [  3]
 |   |   |   |- Guid:2ED025A549C11758DA61E9ABA5774D9A BaseClass: NativeClass:/Script/Engine.StaticMeshActor Name:StaticMeshActor_UAID_80C5F2DA27D00CF401_1878545963 Label:Shape_Cube24 SpatiallyLoaded:1 Bounds:IsValid=true, Min=(X=-0.000 Y=2582.500 Z=51782.500), Max=(X=2150.000 Y=2857.500 Z=64257.500) RuntimeGrid:None EditorOnly:0 RuntimeOnly:0 HLODRelevant:1 ListedInSceneOutliner:1 IsMainWorldOnly:0
 |   |   |- [+] [  4]
 |   |   |   |- Guid:2FB58999456391D349DC0F86DAC136ED BaseClass: NativeClass:/Script/Engine.SkyLight Name:SkyLight_1 Label:SkyLight SpatiallyLoaded:0 Bounds:IsValid=true, Min=(X=0.000 Y=0.000 Z=690.000), Max=(X=0.000 Y=0.000 Z=690.000) RuntimeGrid:None EditorOnly:0 RuntimeOnly:0 HLODRelevant:0 ListedInSceneOutliner:1 IsMainWorldOnly:0 FolderPath:Lighting FolderGuid:963EC3EB4002CCE9759E2EBA541A873A
 |   |   |- [+] [  5]
 |   |   |   |- Guid:316CF2A6494ACA4C0E4180A87D36AB8F BaseClass: NativeClass:/Script/Engine.ExponentialHeightFog Name:ExponentialHeightFog_0 Label:ExponentialHeightFog SpatiallyLoaded:0 Bounds:IsValid=true, Min=(X=-5600.000 Y=-50.000 Z=-6850.000), Max=(X=-5600.000 Y=-50.000 Z=-6850.000) RuntimeGrid:None EditorOnly:0 RuntimeOnly:0 HLODRelevant:0 ListedInSceneOutliner:1 IsMainWorldOnly:0 FolderPath:Lighting FolderGuid:963EC3EB4002CCE9759E2EBA541A873A
 |   |   |- [+] [  6]
 |   |   |   |- Guid:3978F5F944948B5D11E15D8D3552B763 BaseClass: NativeClass:/Script/Engine.StaticMeshActor Name:StaticMeshActor_UAID_80C5F2DA27D00CF401_1090684946 Label:Shape_Cube7 SpatiallyLoaded:1 Bounds:IsValid=true, Min=(X=-10.000 Y=2572.500 Z=1582.500), Max=(X=2140.000 Y=2847.500 Z=14057.500) RuntimeGrid:None EditorOnly:0 RuntimeOnly:0 HLODRelevant:1 ListedInSceneOutliner:1 IsMainWorldOnly:0
 |   |   |- [+] [  7]
 |   |   |   |- Guid:3A00AA1C422CE54C0BDB60BAF471BFBB BaseClass: NativeClass:/Script/Engine.PlayerStart Name:PlayerStart_0 Label:PlayerStart SpatiallyLoaded:0 Bounds:IsValid=true, Min=(X=808.000 Y=1070.000 Z=52.013), Max=(X=992.000 Y=1150.000 Z=132.013) RuntimeGrid:None EditorOnly:0 RuntimeOnly:0 HLODRelevant:0 ListedInSceneOutliner:1 IsMainWorldOnly:0
 |   |   |- [+] [  8]
 |   |   |   |- Guid:4426CF5B4528487C39F5058FFB75B9C6 BaseClass: NativeClass:/Script/Engine.StaticMeshActor Name:StaticMeshActor_UAID_80C5F2DA27D00CF401_1765204957 Label:Shape_Cube18 SpatiallyLoaded:1 Bounds:IsValid=true, Min=(X=1992.500 Y=660.000 Z=43012.500), Max=(X=2267.500 Y=2810.000 Z=55487.500) RuntimeGrid:None EditorOnly:0 RuntimeOnly:0 HLODRelevant:1 ListedInSceneOutliner:1 IsMainWorldOnly:0
 |   |   |- [+] [  9]
 |   |   |   |- Guid:48D8FDE24FDC05F73077EFBACCD89301 BaseClass: NativeClass:/Script/Engine.StaticMeshActor Name:StaticMeshActor_UAID_80C5F2DA27D00CF401_1878580973 Label:Shape_Cube34 SpatiallyLoaded:1 Bounds:IsValid=true, Min=(X=-17.500 Y=660.000 Z=93212.500), Max=(X=257.500 Y=2810.000 Z=105687.500) RuntimeGrid:None EditorOnly:0 RuntimeOnly:0 HLODRelevant:1 ListedInSceneOutliner:1 IsMainWorldOnly:0
 |   |   |- [+] [ 10]
 |   |   |   |- Guid:559D021441105054A7FCA79D3C14338B BaseClass: NativeClass:/Script/Engine.StaticMeshActor Name:StaticMeshActor_UAID_80C5F2DA27D00CF401_1878561967 Label:Shape_Cube28 SpatiallyLoaded:1 Bounds:IsValid=true, Min=(X=10.000 Y=2592.500 Z=64752.500), Max=(X=2160.000 Y=2867.500 Z=77227.500) RuntimeGrid:None EditorOnly:0 RuntimeOnly:0 HLODRelevant:1 ListedInSceneOutliner:1 IsMainWorldOnly:0
 |   |   |- [+] [ 11]
 |   |   |   |- Guid:55B62A5F4F537AF92FCC5198E063F53E BaseClass: NativeClass:/Script/Engine.StaticMeshActor Name:StaticMeshActor_UAID_80C5F2DA27D00CF401_1725307949 Label:Shape_Cube10 SpatiallyLoaded:1 Bounds:IsValid=true, Min=(X=1972.500 Y=640.000 Z=14552.500), Max=(X=2247.500 Y=2790.000 Z=27027.500) RuntimeGrid:None EditorOnly:0 RuntimeOnly:0 HLODRelevant:1 ListedInSceneOutliner:1 IsMainWorldOnly:0
 |   |   |- [+] [ 12]
 |   |   |   |- Guid:56525A87431BD20839EA41841BACAB90 BaseClass: NativeClass:/Script/Engine.StaticMeshActor Name:StaticMeshActor_UAID_80C5F2DA27D00CF401_1725311950 Label:Shape_Cube11 SpatiallyLoaded:1 Bounds:IsValid=true, Min=(X=-0.000 Y=2582.500 Z=14552.500), Max=(X=2150.000 Y=2857.500 Z=27027.500) RuntimeGrid:None EditorOnly:0 RuntimeOnly:0 HLODRelevant:1 ListedInSceneOutliner:1 IsMainWorldOnly:0
 |   |   |- [+] [ 13]
 |   |   |   |- Guid:5B4C033E4CF4A4B31B5AB28BDC2A6DCC BaseClass: NativeClass:/Script/Engine.StaticMeshActor Name:StaticMeshActor_UAID_80C5F2DA27D00CF401_1878536961 Label:Shape_Cube22 SpatiallyLoaded:1 Bounds:IsValid=true, Min=(X=-47.500 Y=630.000 Z=51782.500), Max=(X=227.500 Y=2780.000 Z=64257.500) RuntimeGrid:None EditorOnly:0 RuntimeOnly:0 HLODRelevant:1 ListedInSceneOutliner:1 IsMainWorldOnly:0
 |   |   |- [+] [ 14]
 |   |   |   |- Guid:60C5F217452C49BE4F273696504E2CD7 BaseClass: NativeClass:/Script/Engine.StaticMeshActor Name:StaticMeshActor_UAID_80C5F2DA27D00CF401_1765210958 Label:Shape_Cube19 SpatiallyLoaded:1 Bounds:IsValid=true, Min=(X=20.000 Y=2602.500 Z=43012.500), Max=(X=2170.000 Y=2877.500 Z=55487.500) RuntimeGrid:None EditorOnly:0 RuntimeOnly:0 HLODRelevant:1 ListedInSceneOutliner:1 IsMainWorldOnly:0
 |   |   |- [+] [ 15]
 |   |   |   |- Guid:64FDE1B74EE372BDCB0177830F5E0F1B BaseClass: NativeClass:/Script/Engine.StaticMeshActor Name:StaticMeshActor_UAID_80C5F2DA27D00CF401_1878554965 Label:Shape_Cube26 SpatiallyLoaded:1 Bounds:IsValid=true, Min=(X=-37.500 Y=640.000 Z=64752.500), Max=(X=237.500 Y=2790.000 Z=77227.500) RuntimeGrid:None EditorOnly:0 RuntimeOnly:0 HLODRelevant:1 ListedInSceneOutliner:1 IsMainWorldOnly:0
 |   |   |- [+] [ 16]
 |   |   |   |- Guid:6BAF4DDD444C60371492D3919DB42C97 BaseClass: NativeClass:/Script/Engine.WorldDataLayers Name:WorldDataLayers Label:WorldDataLayers SpatiallyLoaded:0 Bounds:IsValid=true, Min=(X=0.000 Y=0.000 Z=0.000), Max=(X=0.000 Y=0.000 Z=0.000) RuntimeGrid:None EditorOnly:0 RuntimeOnly:0 HLODRelevant:0 ListedInSceneOutliner:1 IsMainWorldOnly:1
 |   |   |- [+] [ 17]
 |   |   |   |- Guid:6E6CEEF141DBCA48D0C3DC9EB61BEFA5 BaseClass: NativeClass:/Script/Engine.StaticMeshActor Name:StaticMeshActor_UAID_80C5F2DA27D00CF401_1878567969 Label:Shape_Cube30 SpatiallyLoaded:1 Bounds:IsValid=true, Min=(X=-27.500 Y=650.000 Z=78262.500), Max=(X=247.500 Y=2800.000 Z=90737.500) RuntimeGrid:None EditorOnly:0 RuntimeOnly:0 HLODRelevant:1 ListedInSceneOutliner:1 IsMainWorldOnly:0
 |   |   |- [+] [ 18]
 |   |   |   |- Guid:7977C646499841E470130F97028E967B BaseClass: NativeClass:/Script/Engine.StaticMeshActor Name:StaticMeshActor_UAID_80C5F2DA27D00CF401_1748509954 Label:Shape_Cube15 SpatiallyLoaded:1 Bounds:IsValid=true, Min=(X=10.000 Y=2592.500 Z=28062.500), Max=(X=2160.000 Y=2867.500 Z=40537.500) RuntimeGrid:None EditorOnly:0 RuntimeOnly:0 HLODRelevant:1 ListedInSceneOutliner:1 IsMainWorldOnly:0
 |   |   |- [+] [ 19]
 |   |   |   |- Guid:84D09B344CF0DBA720B8D8ACB657AA32 BaseClass: NativeClass:/Script/Engine.StaticMeshActor Name:StaticMeshActor_UAID_80C5F2DA27D00CF401_1878577972 Label:Shape_Cube33 SpatiallyLoaded:1 Bounds:IsValid=true, Min=(X=110.000 Y=512.500 Z=93212.500), Max=(X=2260.000 Y=787.500 Z=105687.500) RuntimeGrid:None EditorOnly:0 RuntimeOnly:0 HLODRelevant:1 ListedInSceneOutliner:1 IsMainWorldOnly:0
 |   |   |- [+] [ 20]
 |   |   |   |- Guid:85B7BD59476C46CBA7D3D1A33072087D BaseClass: NativeClass:/Script/Engine.StaticMeshActor Name:StaticMeshActor_UAID_80C5F2DA27D00CF401_1878586975 Label:Shape_Cube36 SpatiallyLoaded:1 Bounds:IsValid=true, Min=(X=30.000 Y=2612.500 Z=93212.500), Max=(X=2180.000 Y=2887.500 Z=105687.500) RuntimeGrid:None EditorOnly:0 RuntimeOnly:0 HLODRelevant:1 ListedInSceneOutliner:1 IsMainWorldOnly:0
 |   |   |- [+] [ 21]
 |   |   |   |- Guid:9A6C901C4684D12957A185B4A9F67247 BaseClass: NativeClass:/Script/Engine.StaticMeshActor Name:StaticMeshActor_UAID_80C5F2DA27D00CF401_1878527959 Label:Shape_Cube20 SpatiallyLoaded:1 Bounds:IsValid=true, Min=(X=70.000 Y=472.500 Z=51782.500), Max=(X=2220.000 Y=747.500 Z=64257.500) RuntimeGrid:None EditorOnly:0 RuntimeOnly:0 HLODRelevant:1 ListedInSceneOutliner:1 IsMainWorldOnly:0
 |   |   |- [+] [ 22]
 |   |   |   |- Guid:A095290D493DA44EAFC1AF881595B8E0 BaseClass: NativeClass:/Script/Engine.StaticMeshActor Name:StaticMeshActor_UAID_80C5F2DA27D00CF401_1725295947 Label:Shape_Cube8 SpatiallyLoaded:1 Bounds:IsValid=true, Min=(X=80.000 Y=482.500 Z=14552.500), Max=(X=2230.000 Y=757.500 Z=27027.500) RuntimeGrid:None EditorOnly:0 RuntimeOnly:0 HLODRelevant:1 ListedInSceneOutliner:1 IsMainWorldOnly:0
 |   |   |- [+] [ 23]
 |   |   |   |- Guid:A91F3FE34D743B6585283880AA2D59CD BaseClass: NativeClass:/Script/Engine.StaticMeshActor Name:StaticMeshActor_UAID_80C5F2DA27D00CF401_1748505953 Label:Shape_Cube14 SpatiallyLoaded:1 Bounds:IsValid=true, Min=(X=1982.500 Y=650.000 Z=28062.500), Max=(X=2257.500 Y=2800.000 Z=40537.500) RuntimeGrid:None EditorOnly:0 RuntimeOnly:0 HLODRelevant:1 ListedInSceneOutliner:1 IsMainWorldOnly:0
 |   |   |- [+] [ 24]
 |   |   |   |- Guid:ACC9366C427877299CF6B8BEAD26C465 BaseClass: NativeClass:/Script/Engine.StaticMeshActor Name:StaticMeshActor_UAID_80C5F2DA27D00CF401_1079968945 Label:Shape_Cube6 SpatiallyLoaded:1 Bounds:IsValid=true, Min=(X=1962.500 Y=630.000 Z=1582.500), Max=(X=2237.500 Y=2780.000 Z=14057.500) RuntimeGrid:None EditorOnly:0 RuntimeOnly:0 HLODRelevant:1 ListedInSceneOutliner:1 IsMainWorldOnly:0
 |   |   |- [+] [ 25]
 |   |   |   |- Guid:B0F5049541971D0A853B799D0E425BF9 BaseClass: NativeClass:/Script/Engine.StaticMeshActor Name:StaticMeshActor_UAID_80C5F2DA27D00CF401_1878541962 Label:Shape_Cube23 SpatiallyLoaded:1 Bounds:IsValid=true, Min=(X=1972.500 Y=640.000 Z=51782.500), Max=(X=2247.500 Y=2790.000 Z=64257.500) RuntimeGrid:None EditorOnly:0 RuntimeOnly:0 HLODRelevant:1 ListedInSceneOutliner:1 IsMainWorldOnly:0
 |   |   |- [+] [ 26]
 |   |   |   |- Guid:B785ED2844B84CFB91E7F39FE661CD99 BaseClass: NativeClass:/Script/Engine.DirectionalLight Name:DirectionalLight_0 Label:DirectionalLight SpatiallyLoaded:0 Bounds:IsValid=true, Min=(X=-1048576.000 Y=-1048576.000 Z=-1048576.000), Max=(X=1048576.000 Y=1048576.000 Z=1048576.000) RuntimeGrid:None EditorOnly:0 RuntimeOnly:0 HLODRelevant:0 ListedInSceneOutliner:1 IsMainWorldOnly:0 FolderPath:Lighting FolderGuid:963EC3EB4002CCE9759E2EBA541A873A
 |   |   |- [+] [ 27]
 |   |   |   |- Guid:C52DC88741393FBA6DC9538263BC035F BaseClass: NativeClass:/Script/Engine.StaticMeshActor Name:StaticMeshActor_UAID_80C5F2DA27D00CF401_1878583974 Label:Shape_Cube35 SpatiallyLoaded:1 Bounds:IsValid=true, Min=(X=2002.500 Y=670.000 Z=93212.500), Max=(X=2277.500 Y=2820.000 Z=105687.500) RuntimeGrid:None EditorOnly:0 RuntimeOnly:0 HLODRelevant:1 ListedInSceneOutliner:1 IsMainWorldOnly:0
 |   |   |- [+] [ 28]
 |   |   |   |- Guid:CA545C7F4033C624DC6332B46678C428 BaseClass: NativeClass:/Script/Engine.StaticMeshActor Name:StaticMeshActor_UAID_80C5F2DA27D00CF401_1878533960 Label:Shape_Cube21 SpatiallyLoaded:1 Bounds:IsValid=true, Min=(X=80.000 Y=482.500 Z=51782.500), Max=(X=2230.000 Y=757.500 Z=64257.500) RuntimeGrid:None EditorOnly:0 RuntimeOnly:0 HLODRelevant:1 ListedInSceneOutliner:1 IsMainWorldOnly:0
 |   |   |- [+] [ 29]
 |   |   |   |- Guid:CBCB0A2945B998320F552DA34381E10C BaseClass: NativeClass:/Script/Engine.StaticMeshActor Name:StaticMeshActor_UAID_80C5F2DA27D00CF401_1878571970 Label:Shape_Cube31 SpatiallyLoaded:1 Bounds:IsValid=true, Min=(X=1992.500 Y=660.000 Z=78262.500), Max=(X=2267.500 Y=2810.000 Z=90737.500) RuntimeGrid:None EditorOnly:0 RuntimeOnly:0 HLODRelevant:1 ListedInSceneOutliner:1 IsMainWorldOnly:0
 |   |   |- [+] [ 30]
 |   |   |   |- Guid:CCFF262C46EEFFDF319E7F9539CE697E BaseClass: NativeClass:/Script/Engine.SkyAtmosphere Name:SkyAtmosphere_0 Label:SkyAtmosphere SpatiallyLoaded:0 Bounds:IsValid=true, Min=(X=0.000 Y=0.000 Z=1020.000), Max=(X=0.000 Y=0.000 Z=1020.000) RuntimeGrid:None EditorOnly:0 RuntimeOnly:0 HLODRelevant:0 ListedInSceneOutliner:1 IsMainWorldOnly:0 FolderPath:Lighting FolderGuid:963EC3EB4002CCE9759E2EBA541A873A
 |   |   |- [+] [ 31]
 |   |   |   |- Guid:D1D6A55449F435D89406648AF200AAC0 BaseClass: NativeClass:/Script/Engine.StaticMeshActor Name:StaticMeshActor_UAID_80C5F2DA27D00CF401_1878558966 Label:Shape_Cube27 SpatiallyLoaded:1 Bounds:IsValid=true, Min=(X=1982.500 Y=650.000 Z=64752.500), Max=(X=2257.500 Y=2800.000 Z=77227.500) RuntimeGrid:None EditorOnly:0 RuntimeOnly:0 HLODRelevant:1 ListedInSceneOutliner:1 IsMainWorldOnly:0
 |   |   |- [+] [ 32]
 |   |   |   |- Guid:D70A0C34468B9FB6973CCC9F760BA96D BaseClass: NativeClass:/Script/Engine.StaticMeshActor Name:StaticMeshActor_UAID_80C5F2DA27D00BF401_2144836768 Label:Shape_Cube5 SpatiallyLoaded:1 Bounds:IsValid=true, Min=(X=-57.500 Y=620.000 Z=1582.500), Max=(X=217.500 Y=2770.000 Z=14057.500) RuntimeGrid:None EditorOnly:0 RuntimeOnly:0 HLODRelevant:1 ListedInSceneOutliner:1 IsMainWorldOnly:0
 |   |   |- [+] [ 33]
 |   |   |   |- Guid:D86BE0DD449CFB93B664FB90EF31296A BaseClass: NativeClass:/Script/Engine.StaticMeshActor Name:StaticMeshActor_UAID_80C5F2DA27D00CF401_1748502952 Label:Shape_Cube13 SpatiallyLoaded:1 Bounds:IsValid=true, Min=(X=-37.500 Y=640.000 Z=28062.500), Max=(X=237.500 Y=2790.000 Z=40537.500) RuntimeGrid:None EditorOnly:0 RuntimeOnly:0 HLODRelevant:1 ListedInSceneOutliner:1 IsMainWorldOnly:0
 |   |   |- [+] [ 34]
 |   |   |   |- Guid:D899A5E14D39B3AD3C22ACB23396C7F4 BaseClass: NativeClass:/Script/Engine.StaticMeshActor Name:StaticMeshActor_UAID_80C5F2DA27D00CF401_1725303948 Label:Shape_Cube9 SpatiallyLoaded:1 Bounds:IsValid=true, Min=(X=-47.500 Y=630.000 Z=14552.500), Max=(X=227.500 Y=2780.000 Z=27027.500) RuntimeGrid:None EditorOnly:0 RuntimeOnly:0 HLODRelevant:1 ListedInSceneOutliner:1 IsMainWorldOnly:0
 |   |   |- [+] [ 35]
 |   |   |   |- Guid:DE400B8C4C308D5660F2A3A7338E2182 BaseClass: NativeClass:/Script/Engine.StaticMeshActor Name:StaticMeshActor_UAID_80C5F2DA27D007F401_1171760060 Label:Shape_Cube3 SpatiallyLoaded:1 Bounds:IsValid=true, Min=(X=60.000 Y=462.500 Z=1582.500), Max=(X=2210.000 Y=737.500 Z=14057.500) RuntimeGrid:None EditorOnly:0 RuntimeOnly:0 HLODRelevant:1 ListedInSceneOutliner:1 IsMainWorldOnly:0
 |   |   |- [+] [ 36]
 |   |   |   |- Guid:DF714113489275EA3C8F7786C18FE074 BaseClass: NativeClass:/Script/Engine.StaticMeshActor Name:StaticMeshActor_UAID_80C5F2DA27D00BF401_2141470767 Label:Shape_Cube4 SpatiallyLoaded:1 Bounds:IsValid=true, Min=(X=70.000 Y=472.500 Z=1582.500), Max=(X=2220.000 Y=747.500 Z=14057.500) RuntimeGrid:None EditorOnly:0 RuntimeOnly:0 HLODRelevant:1 ListedInSceneOutliner:1 IsMainWorldOnly:0
 |   |   |- [+] [ 37]
 |   |   |   |- Guid:E3FA6F584CD0603462068AB5090E108F BaseClass: NativeClass:/Script/Engine.StaticMeshActor Name:StaticMeshActor_UAID_80C5F2DA27D00CF401_1765201956 Label:Shape_Cube17 SpatiallyLoaded:1 Bounds:IsValid=true, Min=(X=-27.500 Y=650.000 Z=43012.500), Max=(X=247.500 Y=2800.000 Z=55487.500) RuntimeGrid:None EditorOnly:0 RuntimeOnly:0 HLODRelevant:1 ListedInSceneOutliner:1 IsMainWorldOnly:0
 |   |   |- [+] [ 38]
 |   |   |   |- Guid:EFDE68164F62024D845AAB9B5FC5898B BaseClass: NativeClass:/Script/Engine.StaticMeshActor Name:StaticMeshActor_UAID_80C5F2DA27D00CF401_1748497951 Label:Shape_Cube12 SpatiallyLoaded:1 Bounds:IsValid=true, Min=(X=90.000 Y=492.500 Z=28062.500), Max=(X=2240.000 Y=767.500 Z=40537.500) RuntimeGrid:None EditorOnly:0 RuntimeOnly:0 HLODRelevant:1 ListedInSceneOutliner:1 IsMainWorldOnly:0
 |   |   |- [+] [ 39]
 |   |   |   |- Guid:F523749C4A6914FC4552D8BB3FDBD744 BaseClass: NativeClass:/Script/Engine.StaticMeshActor Name:StaticMeshActor_UAID_80C5F2DA27D00CF401_1878549964 Label:Shape_Cube25 SpatiallyLoaded:1 Bounds:IsValid=true, Min=(X=90.000 Y=492.500 Z=64752.500), Max=(X=2240.000 Y=767.500 Z=77227.500) RuntimeGrid:None EditorOnly:0 RuntimeOnly:0 HLODRelevant:1 ListedInSceneOutliner:1 IsMainWorldOnly:0
 |   |   |- [+] [ 40]
 |   |   |   |- Guid:F5E3FEB3450C49844FD93DA8E083C8AD BaseClass: NativeClass:/Script/Engine.PostProcessVolume Name:PostProcessVolume_0 Label:PostProcessVolume SpatiallyLoaded:0 Bounds:IsValid=true, Min=(X=0.000 Y=0.000 Z=400.000), Max=(X=200.000 Y=200.000 Z=600.000) RuntimeGrid:None EditorOnly:0 RuntimeOnly:0 HLODRelevant:0 ListedInSceneOutliner:1 IsMainWorldOnly:0 FolderPath:Lighting FolderGuid:963EC3EB4002CCE9759E2EBA541A873A
 |- ContainerInstances:
 |- [+] MainContainer:
 |   |-        ID: 00000000000000000000000000000000
 |   |-  ParentID: 00000000000000000000000000000000
 |   |-    Bounds: IsValid=false, Min=(X=0.000 Y=0.000 Z=0.000), Max=(X=0.000 Y=0.000 Z=0.000)
 |   |- Transform: 0.000000,0.000000,0.000000|0.000000,0.000000,-0.000000|1.000000,1.000000,1.000000
 |   |- Container: /Game/ThirdPerson/Maps/ThirdPersonMap
----------------------------------------------------------------------------------------------------------------
ThirdPersonMap - Persistent Level
----------------------------------------------------------------------------------------------------------------
[+] Content of ThirdPersonMap Persistent Level
 |- Always loaded Actor Count: 41 
 |- Actor Path: /Game/ThirdPerson/Maps/ThirdPersonMap.ThirdPersonMap:PersistentLevel.DirectionalLight_0
 |- Actor Package: /Game/__ExternalActors__/ThirdPerson/Maps/ThirdPersonMap/5/R1/TS5OQ5CRUWFZYL1ZQ7I416
 |- Actor Path: /Game/ThirdPerson/Maps/ThirdPersonMap.ThirdPersonMap:PersistentLevel.ExponentialHeightFog_0
 |- Actor Package: /Game/__ExternalActors__/ThirdPerson/Maps/ThirdPersonMap/6/J7/N10XDC9G27EMLS5AGZ6AVV
 |- Actor Path: /Game/ThirdPerson/Maps/ThirdPersonMap.ThirdPersonMap:PersistentLevel.PlayerStart_0
 |- Actor Package: /Game/__ExternalActors__/ThirdPerson/Maps/ThirdPersonMap/D/DE/SWSI13675DVYIZ0N4NF7Y3
 |- Actor Path: /Game/ThirdPerson/Maps/ThirdPersonMap.ThirdPersonMap:PersistentLevel.PostProcessVolume_0
 |- Actor Package: /Game/__ExternalActors__/ThirdPerson/Maps/ThirdPersonMap/1/AZ/A7GPT109Y6ZTTJD4A7TXER
 |- Actor Path: /Game/ThirdPerson/Maps/ThirdPersonMap.ThirdPersonMap:PersistentLevel.SkyAtmosphere_0
 |- Actor Package: /Game/__ExternalActors__/ThirdPerson/Maps/ThirdPersonMap/4/LN/30UBDLYFFA5ZR7U4W4L4GG
 |- Actor Path: /Game/ThirdPerson/Maps/ThirdPersonMap.ThirdPersonMap:PersistentLevel.SkyLight_1
 |- Actor Package: /Game/__ExternalActors__/ThirdPerson/Maps/ThirdPersonMap/8/S1/DXUWD12MD3HRWVVXX076BY
 |- Actor Path: /Game/ThirdPerson/Maps/ThirdPersonMap.ThirdPersonMap:PersistentLevel.StaticMeshActor_UAID_80C5F2DA27D007F401_1171760060
 |- Actor Package: /Game/__ExternalActors__/ThirdPerson/Maps/ThirdPersonMap/0/AE/XCYHRFCLQ62JENJEZ6RQBT
 |- Actor Path: /Game/ThirdPerson/Maps/ThirdPersonMap.ThirdPersonMap:PersistentLevel.StaticMeshActor_UAID_80C5F2DA27D00BF401_2141470767
 |- Actor Package: /Game/__ExternalActors__/ThirdPerson/Maps/ThirdPersonMap/3/XW/XIEE2O4K47MPNGZR6BFRUZ
 |- Actor Path: /Game/ThirdPerson/Maps/ThirdPersonMap.ThirdPersonMap:PersistentLevel.StaticMeshActor_UAID_80C5F2DA27D00BF401_2144836768
 |- Actor Package: /Game/__ExternalActors__/ThirdPerson/Maps/ThirdPersonMap/B/JK/VK71MVEZU9F1F9Z778J05B
 |- Actor Path: /Game/ThirdPerson/Maps/ThirdPersonMap.ThirdPersonMap:PersistentLevel.StaticMeshActor_UAID_80C5F2DA27D00CF401_1079968945
 |- Actor Package: /Game/__ExternalActors__/ThirdPerson/Maps/ThirdPersonMap/B/6T/L7QZEL4IR8I47Y4ATH76IQ
 |- Actor Path: /Game/ThirdPerson/Maps/ThirdPersonMap.ThirdPersonMap:PersistentLevel.StaticMeshActor_UAID_80C5F2DA27D00CF401_1090684946
 |- Actor Package: /Game/__ExternalActors__/ThirdPerson/Maps/ThirdPersonMap/8/B4/SQLL3OWV4BRD72PFZNS249
 |- Actor Path: /Game/ThirdPerson/Maps/ThirdPersonMap.ThirdPersonMap:PersistentLevel.StaticMeshActor_UAID_80C5F2DA27D00CF401_1725295947
 |- Actor Package: /Game/__ExternalActors__/ThirdPerson/Maps/ThirdPersonMap/6/JE/CGNBGNT9EOXBMH1E5HVSNI
 |- Actor Path: /Game/ThirdPerson/Maps/ThirdPersonMap.ThirdPersonMap:PersistentLevel.StaticMeshActor_UAID_80C5F2DA27D00CF401_1725303948
 |- Actor Package: /Game/__ExternalActors__/ThirdPerson/Maps/ThirdPersonMap/3/GM/GP0LDM9ZV5B26CCNNN1NKY
 |- Actor Path: /Game/ThirdPerson/Maps/ThirdPersonMap.ThirdPersonMap:PersistentLevel.StaticMeshActor_UAID_80C5F2DA27D00CF401_1725307949
 |- Actor Package: /Game/__ExternalActors__/ThirdPerson/Maps/ThirdPersonMap/D/PO/2LF71PFUULO8PYPU2W5ME4
 |- Actor Path: /Game/ThirdPerson/Maps/ThirdPersonMap.ThirdPersonMap:PersistentLevel.StaticMeshActor_UAID_80C5F2DA27D00CF401_1725311950
 |- Actor Package: /Game/__ExternalActors__/ThirdPerson/Maps/ThirdPersonMap/0/0J/T92CEQK493STYLZSCI7RT6
 |- Actor Path: /Game/ThirdPerson/Maps/ThirdPersonMap.ThirdPersonMap:PersistentLevel.StaticMeshActor_UAID_80C5F2DA27D00CF401_1748497951
 |- Actor Package: /Game/__ExternalActors__/ThirdPerson/Maps/ThirdPersonMap/5/6N/0WFQDGINPIS7GFPI3B0NPZ
 |- Actor Path: /Game/ThirdPerson/Maps/ThirdPersonMap.ThirdPersonMap:PersistentLevel.StaticMeshActor_UAID_80C5F2DA27D00CF401_1748502952
 |- Actor Package: /Game/__ExternalActors__/ThirdPerson/Maps/ThirdPersonMap/D/UE/OWE1POW8GB8BY6SQTTREK9
 |- Actor Path: /Game/ThirdPerson/Maps/ThirdPersonMap.ThirdPersonMap:PersistentLevel.StaticMeshActor_UAID_80C5F2DA27D00CF401_1748505953
 |- Actor Package: /Game/__ExternalActors__/ThirdPerson/Maps/ThirdPersonMap/7/ZM/D3K80S8PZGGMP62JIV1QPW
 |- Actor Path: /Game/ThirdPerson/Maps/ThirdPersonMap.ThirdPersonMap:PersistentLevel.StaticMeshActor_UAID_80C5F2DA27D00CF401_1748509954
 |- Actor Package: /Game/__ExternalActors__/ThirdPerson/Maps/ThirdPersonMap/C/DL/VHVZ3PBLM76RHQHYLS0ERZ
 |- Actor Path: /Game/ThirdPerson/Maps/ThirdPersonMap.ThirdPersonMap:PersistentLevel.StaticMeshActor_UAID_80C5F2DA27D00CF401_1765196955
 |- Actor Package: /Game/__ExternalActors__/ThirdPerson/Maps/ThirdPersonMap/8/T8/AEXVLQ0WZVZU861R4ZH6H2
 |- Actor Path: /Game/ThirdPerson/Maps/ThirdPersonMap.ThirdPersonMap:PersistentLevel.StaticMeshActor_UAID_80C5F2DA27D00CF401_1765201956
 |- Actor Package: /Game/__ExternalActors__/ThirdPerson/Maps/ThirdPersonMap/3/F0/TLQCA6PIUYR79NWA3PKPAF
 |- Actor Path: /Game/ThirdPerson/Maps/ThirdPersonMap.ThirdPersonMap:PersistentLevel.StaticMeshActor_UAID_80C5F2DA27D00CF401_1765204957
 |- Actor Package: /Game/__ExternalActors__/ThirdPerson/Maps/ThirdPersonMap/1/GU/V0UATLHWNRIVMAI1HRJZ2G
 |- Actor Path: /Game/ThirdPerson/Maps/ThirdPersonMap.ThirdPersonMap:PersistentLevel.StaticMeshActor_UAID_80C5F2DA27D00CF401_1765210958
 |- Actor Package: /Game/__ExternalActors__/ThirdPerson/Maps/ThirdPersonMap/B/5T/6WQM2R9BP7X2FP21Q6YEIN
 |- Actor Path: /Game/ThirdPerson/Maps/ThirdPersonMap.ThirdPersonMap:PersistentLevel.StaticMeshActor_UAID_80C5F2DA27D00CF401_1878527959
 |- Actor Package: /Game/__ExternalActors__/ThirdPerson/Maps/ThirdPersonMap/0/PO/ZX5PXYTW344TM5FMU78FDY
 |- Actor Path: /Game/ThirdPerson/Maps/ThirdPersonMap.ThirdPersonMap:PersistentLevel.StaticMeshActor_UAID_80C5F2DA27D00CF401_1878533960
 |- Actor Package: /Game/__ExternalActors__/ThirdPerson/Maps/ThirdPersonMap/6/IF/DG6OEV73LPYNFVER3JW3FS
 |- Actor Path: /Game/ThirdPerson/Maps/ThirdPersonMap.ThirdPersonMap:PersistentLevel.StaticMeshActor_UAID_80C5F2DA27D00CF401_1878536961
 |- Actor Package: /Game/__ExternalActors__/ThirdPerson/Maps/ThirdPersonMap/E/S7/H30DR96DAK63FL3VPCGOLB
 |- Actor Path: /Game/ThirdPerson/Maps/ThirdPersonMap.ThirdPersonMap:PersistentLevel.StaticMeshActor_UAID_80C5F2DA27D00CF401_1878541962
 |- Actor Package: /Game/__ExternalActors__/ThirdPerson/Maps/ThirdPersonMap/8/26/SSSSQB737L100UBDW0WL2H
 |- Actor Path: /Game/ThirdPerson/Maps/ThirdPersonMap.ThirdPersonMap:PersistentLevel.StaticMeshActor_UAID_80C5F2DA27D00CF401_1878545963
 |- Actor Package: /Game/__ExternalActors__/ThirdPerson/Maps/ThirdPersonMap/7/7E/P23ZWCZF7KK4ZVHXCVI1XS
 |- Actor Path: /Game/ThirdPerson/Maps/ThirdPersonMap.ThirdPersonMap:PersistentLevel.StaticMeshActor_UAID_80C5F2DA27D00CF401_1878549964
 |- Actor Package: /Game/__ExternalActors__/ThirdPerson/Maps/ThirdPersonMap/6/HY/9AUL5AYQN7JRL97GEDDVQW
 |- Actor Path: /Game/ThirdPerson/Maps/ThirdPersonMap.ThirdPersonMap:PersistentLevel.StaticMeshActor_UAID_80C5F2DA27D00CF401_1878554965
 |- Actor Package: /Game/__ExternalActors__/ThirdPerson/Maps/ThirdPersonMap/0/BH/UE1S41FK5IVPJ825OL97DV
 |- Actor Path: /Game/ThirdPerson/Maps/ThirdPersonMap.ThirdPersonMap:PersistentLevel.StaticMeshActor_UAID_80C5F2DA27D00CF401_1878558966
 |- Actor Package: /Game/__ExternalActors__/ThirdPerson/Maps/ThirdPersonMap/4/D8/9YGH73C4DYDHNVDUGTC3IE
 |- Actor Path: /Game/ThirdPerson/Maps/ThirdPersonMap.ThirdPersonMap:PersistentLevel.StaticMeshActor_UAID_80C5F2DA27D00CF401_1878561967
 |- Actor Package: /Game/__ExternalActors__/ThirdPerson/Maps/ThirdPersonMap/E/HP/IS5XD45FVM30TUY5EVWL9Y
 |- Actor Path: /Game/ThirdPerson/Maps/ThirdPersonMap.ThirdPersonMap:PersistentLevel.StaticMeshActor_UAID_80C5F2DA27D00CF401_1878564968
 |- Actor Package: /Game/__ExternalActors__/ThirdPerson/Maps/ThirdPersonMap/0/9O/P5OSQ2S3GHFJN8N8NGFHTB
 |- Actor Path: /Game/ThirdPerson/Maps/ThirdPersonMap.ThirdPersonMap:PersistentLevel.StaticMeshActor_UAID_80C5F2DA27D00CF401_1878567969
 |- Actor Package: /Game/__ExternalActors__/ThirdPerson/Maps/ThirdPersonMap/D/0P/ARIZ7485THU3XZN0V1Q2FZ
 |- Actor Path: /Game/ThirdPerson/Maps/ThirdPersonMap.ThirdPersonMap:PersistentLevel.StaticMeshActor_UAID_80C5F2DA27D00CF401_1878571970
 |- Actor Package: /Game/__ExternalActors__/ThirdPerson/Maps/ThirdPersonMap/0/V2/49TL2EANTH8AJ2874CK4J7
 |- Actor Path: /Game/ThirdPerson/Maps/ThirdPersonMap.ThirdPersonMap:PersistentLevel.StaticMeshActor_UAID_80C5F2DA27D00CF401_1878574971
 |- Actor Package: /Game/__ExternalActors__/ThirdPerson/Maps/ThirdPersonMap/1/JB/N9K0MYAYZK688KO4Y4KHYY
 |- Actor Path: /Game/ThirdPerson/Maps/ThirdPersonMap.ThirdPersonMap:PersistentLevel.StaticMeshActor_UAID_80C5F2DA27D00CF401_1878577972
 |- Actor Package: /Game/__ExternalActors__/ThirdPerson/Maps/ThirdPersonMap/0/8C/BJRSB0HWBYDSJT0DDIG1WT
 |- Actor Path: /Game/ThirdPerson/Maps/ThirdPersonMap.ThirdPersonMap:PersistentLevel.StaticMeshActor_UAID_80C5F2DA27D00CF401_1878580973
 |- Actor Package: /Game/__ExternalActors__/ThirdPerson/Maps/ThirdPersonMap/1/GW/FTDRKA3BCWPX9V720YDFAH
 |- Actor Path: /Game/ThirdPerson/Maps/ThirdPersonMap.ThirdPersonMap:PersistentLevel.StaticMeshActor_UAID_80C5F2DA27D00CF401_1878583974
 |- Actor Package: /Game/__ExternalActors__/ThirdPerson/Maps/ThirdPersonMap/0/C8/6WCV1OXO4UWQ1JVQXR4DHZ
 |- Actor Path: /Game/ThirdPerson/Maps/ThirdPersonMap.ThirdPersonMap:PersistentLevel.StaticMeshActor_UAID_80C5F2DA27D00CF401_1878586975
 |- Actor Package: /Game/__ExternalActors__/ThirdPerson/Maps/ThirdPersonMap/D/QN/L2V63D17WECFVLUYKBXXGE
 |- Actor Path: /Game/ThirdPerson/Maps/ThirdPersonMap.ThirdPersonMap:PersistentLevel.WorldDataLayers
 |- Actor Package: /Game/__ExternalActors__/ThirdPerson/Maps/ThirdPersonMap/0/43/HYQWORMY4JDQ5X3OKZXFLC

----------------------------------------------------------------------------------------------------------------
ThirdPersonMap - Runtime Hash Set
----------------------------------------------------------------------------------------------------------------

